-------------------------------------------------------------------------------
Test set: com.xtrmetl.etl.documentation.DocumentationValidationTest$ReadmeTests
-------------------------------------------------------------------------------
Tests run: 6, Failures: 6, Errors: 0, Skipped: 0, Time elapsed: 0.031 s <<< FAILURE! - in com.xtrmetl.etl.documentation.DocumentationValidationTest$ReadmeTests
com.xtrmetl.etl.documentation.DocumentationValidationTest$ReadmeTests.shouldHaveValidCodeBlocks  Time elapsed: 0.001 s  <<< FAILURE!
org.opentest4j.AssertionFailedError: README.md should exist ==> expected: <true> but was: <false>
	at com.xtrmetl.etl.documentation.DocumentationValidationTest$ReadmeTests.setUp(DocumentationValidationTest.java:60)

com.xtrmetl.etl.documentation.DocumentationValidationTest$ReadmeTests.shouldMentionAuthentication  Time elapsed: 0.007 s  <<< FAILURE!
org.opentest4j.AssertionFailedError: README.md should exist ==> expected: <true> but was: <false>
	at com.xtrmetl.etl.documentation.DocumentationValidationTest$ReadmeTests.setUp(DocumentationValidationTest.java:60)

com.xtrmetl.etl.documentation.DocumentationValidationTest$ReadmeTests.shouldHaveValidInternalLinks  Time elapsed: 0 s  <<< FAILURE!
org.opentest4j.AssertionFailedError: README.md should exist ==> expected: <true> but was: <false>
	at com.xtrmetl.etl.documentation.DocumentationValidationTest$ReadmeTests.setUp(DocumentationValidationTest.java:60)

com.xtrmetl.etl.documentation.DocumentationValidationTest$ReadmeTests.shouldContainAllServiceDescriptions  Time elapsed: 0.002 s  <<< FAILURE!
org.opentest4j.AssertionFailedError: README.md should exist ==> expected: <true> but was: <false>
	at com.xtrmetl.etl.documentation.DocumentationValidationTest$ReadmeTests.setUp(DocumentationValidationTest.java:60)

com.xtrmetl.etl.documentation.DocumentationValidationTest$ReadmeTests.shouldReferenceCorrectPorts  Time elapsed: 0.005 s  <<< FAILURE!
org.opentest4j.AssertionFailedError: README.md should exist ==> expected: <true> but was: <false>
	at com.xtrmetl.etl.documentation.DocumentationValidationTest$ReadmeTests.setUp(DocumentationValidationTest.java:60)

com.xtrmetl.etl.documentation.DocumentationValidationTest$ReadmeTests.shouldHaveProperDocumentStructure  Time elapsed: 0 s  <<< FAILURE!
org.opentest4j.AssertionFailedError: README.md should exist ==> expected: <true> but was: <false>
	at com.xtrmetl.etl.documentation.DocumentationValidationTest$ReadmeTests.setUp(DocumentationValidationTest.java:60)

