-------------------------------------------------------------------------------
Test set: com.xtrmetl.etl.documentation.DocumentationValidationTest$ChangelogTests
-------------------------------------------------------------------------------
Tests run: 4, Failures: 4, Errors: 0, Skipped: 0, Time elapsed: 0.014 s <<< FAILURE! - in com.xtrmetl.etl.documentation.DocumentationValidationTest$ChangelogTests
com.xtrmetl.etl.documentation.DocumentationValidationTest$ChangelogTests.shouldDocumentDocumentationChanges  Time elapsed: 0.002 s  <<< FAILURE!
org.opentest4j.AssertionFailedError: CHANGELOG.md should exist ==> expected: <true> but was: <false>
	at com.xtrmetl.etl.documentation.DocumentationValidationTest$ChangelogTests.setUp(DocumentationValidationTest.java:389)

com.xtrmetl.etl.documentation.DocumentationValidationTest$ChangelogTests.shouldFollowKeepAChangelogFormat  Time elapsed: 0 s  <<< FAILURE!
org.opentest4j.AssertionFailedError: CHANGELOG.md should exist ==> expected: <true> but was: <false>
	at com.xtrmetl.etl.documentation.DocumentationValidationTest$ChangelogTests.setUp(DocumentationValidationTest.java:389)

com.xtrmetl.etl.documentation.DocumentationValidationTest$ChangelogTests.shouldCategorizeChanges  Time elapsed: 0.002 s  <<< FAILURE!
org.opentest4j.AssertionFailedError: CHANGELOG.md should exist ==> expected: <true> but was: <false>
	at com.xtrmetl.etl.documentation.DocumentationValidationTest$ChangelogTests.setUp(DocumentationValidationTest.java:389)

com.xtrmetl.etl.documentation.DocumentationValidationTest$ChangelogTests.shouldHaveVersionedReleases  Time elapsed: 0.003 s  <<< FAILURE!
org.opentest4j.AssertionFailedError: CHANGELOG.md should exist ==> expected: <true> but was: <false>
	at com.xtrmetl.etl.documentation.DocumentationValidationTest$ChangelogTests.setUp(DocumentationValidationTest.java:389)

