-------------------------------------------------------------------------------
Test set: com.xtrmetl.etl.documentation.DocumentationValidationTest$CrossDocumentTests
-------------------------------------------------------------------------------
Tests run: 4, Failures: 0, Errors: 4, Skipped: 0, Time elapsed: 0.012 s <<< FAILURE! - in com.xtrmetl.etl.documentation.DocumentationValidationTest$CrossDocumentTests
com.xtrmetl.etl.documentation.DocumentationValidationTest$CrossDocumentTests.technologyStackShouldBeConsistent  Time elapsed: 0.003 s  <<< ERROR!
java.nio.file.NoSuchFileException: /home/runner/work/xtrmETL/xtrmETL/etl-service/README.md
	at com.xtrmetl.etl.documentation.DocumentationValidationTest$CrossDocumentTests.setUp(DocumentationValidationTest.java:493)

com.xtrmetl.etl.documentation.DocumentationValidationTest$CrossDocumentTests.servicePortsShouldBeConsistent  Time elapsed: 0.001 s  <<< ERROR!
java.nio.file.NoSuchFileException: /home/runner/work/xtrmETL/xtrmETL/etl-service/README.md
	at com.xtrmetl.etl.documentation.DocumentationValidationTest$CrossDocumentTests.setUp(DocumentationValidationTest.java:493)

com.xtrmetl.etl.documentation.DocumentationValidationTest$CrossDocumentTests.apiEndpointsShouldBeConsistent  Time elapsed: 0 s  <<< ERROR!
java.nio.file.NoSuchFileException: /home/runner/work/xtrmETL/xtrmETL/etl-service/README.md
	at com.xtrmetl.etl.documentation.DocumentationValidationTest$CrossDocumentTests.setUp(DocumentationValidationTest.java:493)

com.xtrmetl.etl.documentation.DocumentationValidationTest$CrossDocumentTests.versionNumbersShouldBeConsistent  Time elapsed: 0 s  <<< ERROR!
java.nio.file.NoSuchFileException: /home/runner/work/xtrmETL/xtrmETL/etl-service/README.md
	at com.xtrmetl.etl.documentation.DocumentationValidationTest$CrossDocumentTests.setUp(DocumentationValidationTest.java:493)

