-------------------------------------------------------------------------------
Test set: com.xtrmetl.etl.documentation.DocumentationValidationTest$ContentQualityTests
-------------------------------------------------------------------------------
Tests run: 14, Failures: 0, Errors: 14, Skipped: 0, Time elapsed: 0.2 s <<< FAILURE! - in com.xtrmetl.etl.documentation.DocumentationValidationTest$ContentQualityTests
com.xtrmetl.etl.documentation.DocumentationValidationTest$ContentQualityTests.shouldHaveBalancedCodeBlocks(String)[1]  Time elapsed: 0.055 s  <<< ERROR!
java.nio.file.NoSuchFileException: /home/runner/work/xtrmETL/xtrmETL/etl-service/README.md
	at com.xtrmetl.etl.documentation.DocumentationValidationTest$ContentQualityTests.shouldHaveBalancedCodeBlocks(DocumentationValidationTest.java:613)

com.xtrmetl.etl.documentation.DocumentationValidationTest$ContentQualityTests.shouldHaveBalancedCodeBlocks(String)[2]  Time elapsed: 0.002 s  <<< ERROR!
java.nio.file.NoSuchFileException: /home/runner/work/xtrmETL/xtrmETL/etl-service/PRD.md
	at com.xtrmetl.etl.documentation.DocumentationValidationTest$ContentQualityTests.shouldHaveBalancedCodeBlocks(DocumentationValidationTest.java:613)

com.xtrmetl.etl.documentation.DocumentationValidationTest$ContentQualityTests.shouldHaveBalancedCodeBlocks(String)[3]  Time elapsed: 0.001 s  <<< ERROR!
java.nio.file.NoSuchFileException: /home/runner/work/xtrmETL/xtrmETL/etl-service/ARCHITECTURE.md
	at com.xtrmetl.etl.documentation.DocumentationValidationTest$ContentQualityTests.shouldHaveBalancedCodeBlocks(DocumentationValidationTest.java:613)

com.xtrmetl.etl.documentation.DocumentationValidationTest$ContentQualityTests.shouldNotHaveExcessiveTrailingWhitespace(String)[1]  Time elapsed: 0.003 s  <<< ERROR!
java.nio.file.NoSuchFileException: /home/runner/work/xtrmETL/xtrmETL/etl-service/README.md
	at com.xtrmetl.etl.documentation.DocumentationValidationTest$ContentQualityTests.shouldNotHaveExcessiveTrailingWhitespace(DocumentationValidationTest.java:597)

com.xtrmetl.etl.documentation.DocumentationValidationTest$ContentQualityTests.shouldNotHaveExcessiveTrailingWhitespace(String)[2]  Time elapsed: 0.002 s  <<< ERROR!
java.nio.file.NoSuchFileException: /home/runner/work/xtrmETL/xtrmETL/etl-service/PRD.md
	at com.xtrmetl.etl.documentation.DocumentationValidationTest$ContentQualityTests.shouldNotHaveExcessiveTrailingWhitespace(DocumentationValidationTest.java:597)

com.xtrmetl.etl.documentation.DocumentationValidationTest$ContentQualityTests.shouldNotHaveExcessiveTrailingWhitespace(String)[3]  Time elapsed: 0.002 s  <<< ERROR!
java.nio.file.NoSuchFileException: /home/runner/work/xtrmETL/xtrmETL/etl-service/ARCHITECTURE.md
	at com.xtrmetl.etl.documentation.DocumentationValidationTest$ContentQualityTests.shouldNotHaveExcessiveTrailingWhitespace(DocumentationValidationTest.java:597)

com.xtrmetl.etl.documentation.DocumentationValidationTest$ContentQualityTests.shouldNotHaveExcessiveTrailingWhitespace(String)[4]  Time elapsed: 0.002 s  <<< ERROR!
java.nio.file.NoSuchFileException: /home/runner/work/xtrmETL/xtrmETL/etl-service/CHANGELOG.md
	at com.xtrmetl.etl.documentation.DocumentationValidationTest$ContentQualityTests.shouldNotHaveExcessiveTrailingWhitespace(DocumentationValidationTest.java:597)

com.xtrmetl.etl.documentation.DocumentationValidationTest$ContentQualityTests.shouldNotHaveBrokenMarkdownLinks(String)[1]  Time elapsed: 0.002 s  <<< ERROR!
java.nio.file.NoSuchFileException: /home/runner/work/xtrmETL/xtrmETL/etl-service/README.md
	at com.xtrmetl.etl.documentation.DocumentationValidationTest$ContentQualityTests.shouldNotHaveBrokenMarkdownLinks(DocumentationValidationTest.java:628)

com.xtrmetl.etl.documentation.DocumentationValidationTest$ContentQualityTests.shouldNotHaveBrokenMarkdownLinks(String)[2]  Time elapsed: 0.002 s  <<< ERROR!
java.nio.file.NoSuchFileException: /home/runner/work/xtrmETL/xtrmETL/etl-service/PRD.md
	at com.xtrmetl.etl.documentation.DocumentationValidationTest$ContentQualityTests.shouldNotHaveBrokenMarkdownLinks(DocumentationValidationTest.java:628)

com.xtrmetl.etl.documentation.DocumentationValidationTest$ContentQualityTests.shouldNotHaveBrokenMarkdownLinks(String)[3]  Time elapsed: 0.001 s  <<< ERROR!
java.nio.file.NoSuchFileException: /home/runner/work/xtrmETL/xtrmETL/etl-service/ARCHITECTURE.md
	at com.xtrmetl.etl.documentation.DocumentationValidationTest$ContentQualityTests.shouldNotHaveBrokenMarkdownLinks(DocumentationValidationTest.java:628)

com.xtrmetl.etl.documentation.DocumentationValidationTest$ContentQualityTests.shouldHaveConsistentHeaderHierarchy(String)[1]  Time elapsed: 0.002 s  <<< ERROR!
java.nio.file.NoSuchFileException: /home/runner/work/xtrmETL/xtrmETL/etl-service/README.md
	at com.xtrmetl.etl.documentation.DocumentationValidationTest$ContentQualityTests.shouldHaveConsistentHeaderHierarchy(DocumentationValidationTest.java:647)

com.xtrmetl.etl.documentation.DocumentationValidationTest$ContentQualityTests.shouldHaveConsistentHeaderHierarchy(String)[2]  Time elapsed: 0.002 s  <<< ERROR!
java.nio.file.NoSuchFileException: /home/runner/work/xtrmETL/xtrmETL/etl-service/PRD.md
	at com.xtrmetl.etl.documentation.DocumentationValidationTest$ContentQualityTests.shouldHaveConsistentHeaderHierarchy(DocumentationValidationTest.java:647)

com.xtrmetl.etl.documentation.DocumentationValidationTest$ContentQualityTests.shouldHaveConsistentHeaderHierarchy(String)[3]  Time elapsed: 0.001 s  <<< ERROR!
java.nio.file.NoSuchFileException: /home/runner/work/xtrmETL/xtrmETL/etl-service/ARCHITECTURE.md
	at com.xtrmetl.etl.documentation.DocumentationValidationTest$ContentQualityTests.shouldHaveConsistentHeaderHierarchy(DocumentationValidationTest.java:647)

com.xtrmetl.etl.documentation.DocumentationValidationTest$ContentQualityTests.shouldHaveConsistentHeaderHierarchy(String)[4]  Time elapsed: 0.001 s  <<< ERROR!
java.nio.file.NoSuchFileException: /home/runner/work/xtrmETL/xtrmETL/etl-service/CHANGELOG.md
	at com.xtrmetl.etl.documentation.DocumentationValidationTest$ContentQualityTests.shouldHaveConsistentHeaderHierarchy(DocumentationValidationTest.java:647)

