<?xml version="1.0" encoding="UTF-8"?>
<testsuite xmlns:xsi="http://www.w3.org/2001/XMLSchema-instance" xsi:noNamespaceSchemaLocation="https://maven.apache.org/surefire/maven-surefire-plugin/xsd/surefire-test-report-3.0.xsd" version="3.0" name="com.xtrmetl.etl.documentation.DocumentationValidationTest$PrdTests" time="0.033" tests="7" errors="0" skipped="0" failures="7">
  <properties>
[...]
</properties>
  <testcase name="shouldHaveRiskAssessment" classname="com.xtrmetl.etl.documentation.DocumentationValidationTest$PrdTests" time="0">
    <failure type="org.opentest4j.AssertionFailedError"><![CDATA[org.opentest4j.AssertionFailedError: PRD.md should exist ==> expected: <true> but was: <false>
	at com.xtrmetl.etl.documentation.DocumentationValidationTest$PrdTests.setUp(DocumentationValidationTest.java:180)
]]></failure>
  </testcase>
  <testcase name="shouldHaveCompleteDocumentStructure" classname="com.xtrmetl.etl.documentation.DocumentationValidationTest$PrdTests" time="0.001">
    <failure type="org.opentest4j.AssertionFailedError"><![CDATA[org.opentest4j.AssertionFailedError: PRD.md should exist ==> expected: <true> but was: <false>
	at com.xtrmetl.etl.documentation.DocumentationValidationTest$PrdTests.setUp(DocumentationValidationTest.java:180)
]]></failure>
  </testcase>
  <testcase name="shouldDefineSuccessMetrics" classname="com.xtrmetl.etl.documentation.DocumentationValidationTest$PrdTests" time="0.002">
    <failure type="org.opentest4j.AssertionFailedError"><![CDATA[org.opentest4j.AssertionFailedError: PRD.md should exist ==> expected: <true> but was: <false>
	at com.xtrmetl.etl.documentation.DocumentationValidationTest$PrdTests.setUp(DocumentationValidationTest.java:180)
]]></failure>
  </testcase>
  <testcase name="shouldDefineNonFunctionalRequirementsWithIds" classname="com.xtrmetl.etl.documentation.DocumentationValidationTest$PrdTests" time="0.004">
    <failure type="org.opentest4j.AssertionFailedError"><![CDATA[org.opentest4j.AssertionFailedError: PRD.md should exist ==> expected: <true> but was: <false>
	at com.xtrmetl.etl.documentation.DocumentationValidationTest$PrdTests.setUp(DocumentationValidationTest.java:180)
]]></failure>
  </testcase>
  <testcase name="shouldDocumentDatabaseSchema" classname="com.xtrmetl.etl.documentation.DocumentationValidationTest$PrdTests" time="0">
    <failure type="org.opentest4j.AssertionFailedError"><![CDATA[org.opentest4j.AssertionFailedError: PRD.md should exist ==> expected: <true> but was: <false>
	at com.xtrmetl.etl.documentation.DocumentationValidationTest$PrdTests.setUp(DocumentationValidationTest.java:180)
]]></failure>
  </testcase>
  <testcase name="shouldHaveApiSpecificationsWithExamples" classname="com.xtrmetl.etl.documentation.DocumentationValidationTest$PrdTests" time="0">
    <failure type="org.opentest4j.AssertionFailedError"><![CDATA[org.opentest4j.AssertionFailedError: PRD.md should exist ==> expected: <true> but was: <false>
	at com.xtrmetl.etl.documentation.DocumentationValidationTest$PrdTests.setUp(DocumentationValidationTest.java:180)
]]></failure>
  </testcase>
  <testcase name="shouldDefineFunctionalRequirementsWithIds" classname="com.xtrmetl.etl.documentation.DocumentationValidationTest$PrdTests" time="0.007">
    <failure type="org.opentest4j.AssertionFailedError"><![CDATA[org.opentest4j.AssertionFailedError: PRD.md should exist ==> expected: <true> but was: <false>
	at com.xtrmetl.etl.documentation.DocumentationValidationTest$PrdTests.setUp(DocumentationValidationTest.java:180)
]]></failure>
  </testcase>
</testsuite>