<?xml version="1.0" encoding="UTF-8"?>
<testsuite xmlns:xsi="http://www.w3.org/2001/XMLSchema-instance" xsi:noNamespaceSchemaLocation="https://maven.apache.org/surefire/maven-surefire-plugin/xsd/surefire-test-report-3.0.xsd" version="3.0" name="com.xtrmetl.etl.service.EtlServiceTest" time="0.565" tests="3" errors="0" skipped="0" failures="0">
  <properties>
[...]
</properties>
  <testcase name="testProcessDataWithInvalidJson" classname="com.xtrmetl.etl.service.EtlServiceTest" time="0.507"/>
  <testcase name="testProcessData" classname="com.xtrmetl.etl.service.EtlServiceTest" time="0.053"/>
  <testcase name="testProcessDataWithEmptyInput" classname="com.xtrmetl.etl.service.EtlServiceTest" time="0.002"/>
</testsuite>