<?xml version="1.0" encoding="UTF-8"?>
<testsuite xmlns:xsi="http://www.w3.org/2001/XMLSchema-instance" xsi:noNamespaceSchemaLocation="https://maven.apache.org/surefire/maven-surefire-plugin/xsd/surefire-test-report-3.0.xsd" version="3.0" name="com.xtrmetl.cdc.service.CdcServiceTest" time="0.712" tests="4" errors="0" skipped="0" failures="0">
  <properties>
[...]
</properties>
  <testcase name="testStart" classname="com.xtrmetl.cdc.service.CdcServiceTest" time="0.595">
    <system-out><![CDATA[22:07:44.990 [main] DEBUG org.springframework.test.util.ReflectionTestUtils - Setting field 'debeziumEngine' of type [null] on target object [com.xtrmetl.cdc.service.CdcService@eadb475] or target class [class com.xtrmetl.cdc.service.CdcService] to value [debeziumEngine]
22:07:45.091 [main] INFO org.apache.kafka.connect.json.JsonConverterConfig - JsonConverterConfig values: 
	converter.type = key
	decimal.format = BASE64
	schemas.cache.size = 1000
	schemas.enable = false

22:07:45.093 [main] INFO org.apache.kafka.connect.json.JsonConverterConfig - JsonConverterConfig values: 
	converter.type = value
	decimal.format = BASE64
	schemas.cache.size = 1000
	schemas.enable = false

22:07:45.098 [main] INFO io.debezium.embedded.EmbeddedEngine$EmbeddedConfig - EmbeddedConfig values: 
	access.control.allow.methods = 
	access.control.allow.origin = 
	admin.listeners = null
	bootstrap.servers = [localhost:9092]
	client.dns.lookup = use_all_dns_ips
	config.providers = []
	connector.client.config.override.policy = All
	header.converter = class org.apache.kafka.connect.storage.SimpleHeaderConverter
	key.converter = class org.apache.kafka.connect.json.JsonConverter
	listeners = [http://:8083]
	metric.reporters = []
	metrics.num.samples = 2
	metrics.recording.level = INFO
	metrics.sample.window.ms = 30000
	offset.flush.interval.ms = 60000
	offset.flush.timeout.ms = 5000
	offset.storage.file.filename = 
	offset.storage.partitions = null
	offset.storage.replication.factor = null
	offset.storage.topic = 
	plugin.path = null
	response.http.headers.config = 
	rest.advertised.host.name = null
	rest.advertised.listener = null
	rest.advertised.port = null
	rest.extension.classes = []
	ssl.cipher.suites = null
	ssl.client.auth = none
	ssl.enabled.protocols = [TLSv1.2, TLSv1.3]
	ssl.endpoint.identification.algorithm = https
	ssl.engine.factory.class = null
	ssl.key.password = null
	ssl.keymanager.algorithm = SunX509
	ssl.keystore.certificate.chain = null
	ssl.keystore.key = null
	ssl.keystore.location = null
	ssl.keystore.password = null
	ssl.keystore.type = JKS
	ssl.protocol = TLSv1.3
	ssl.provider = null
	ssl.secure.random.implementation = null
	ssl.trustmanager.algorithm = PKIX
	ssl.truststore.certificates = null
	ssl.truststore.location = null
	ssl.truststore.password = null
	ssl.truststore.type = JKS
	task.shutdown.graceful.timeout.ms = 5000
	topic.creation.enable = true
	topic.tracking.allow.reset = true
	topic.tracking.enable = true
	value.converter = class org.apache.kafka.connect.json.JsonConverter

22:07:45.099 [main] WARN org.apache.kafka.connect.runtime.WorkerConfig - Variables cannot be used in the 'plugin.path' property, since the property is used by plugin scanning before the config providers that replace the variables are initialized. The raw value 'null' was used for plugin scanning, as opposed to the transformed value 'null', and this may cause unexpected results.
]]></system-out>
  </testcase>
  <testcase name="testStop" classname="com.xtrmetl.cdc.service.CdcServiceTest" time="0.008">
    <system-out><![CDATA[22:07:45.109 [main] DEBUG org.springframework.test.util.ReflectionTestUtils - Setting field 'debeziumEngine' of type [null] on target object [com.xtrmetl.cdc.service.CdcService@325bb9a6] or target class [class com.xtrmetl.cdc.service.CdcService] to value [debeziumEngine]
22:07:45.114 [main] DEBUG org.springframework.test.util.ReflectionTestUtils - Getting field 'debeziumEngine' from target object [com.xtrmetl.cdc.service.CdcService@325bb9a6] or target class [class com.xtrmetl.cdc.service.CdcService]
]]></system-out>
  </testcase>
  <testcase name="testHandleChangeEvent" classname="com.xtrmetl.cdc.service.CdcServiceTest" time="0.084">
    <system-out><![CDATA[22:07:45.117 [main] DEBUG org.springframework.test.util.ReflectionTestUtils - Setting field 'debeziumEngine' of type [null] on target object [com.xtrmetl.cdc.service.CdcService@4632cfc] or target class [class com.xtrmetl.cdc.service.CdcService] to value [debeziumEngine]
]]></system-out>
  </testcase>
  <testcase name="testStopWithException" classname="com.xtrmetl.cdc.service.CdcServiceTest" time="0.004">
    <system-out><![CDATA[22:07:45.202 [main] DEBUG org.springframework.test.util.ReflectionTestUtils - Setting field 'debeziumEngine' of type [null] on target object [com.xtrmetl.cdc.service.CdcService@451f87af] or target class [class com.xtrmetl.cdc.service.CdcService] to value [debeziumEngine]
22:07:45.203 [pool-2-thread-1] INFO io.debezium.config.CommonConnectorConfig - Loading the custom source info struct maker plugin: io.debezium.connector.postgresql.PostgresSourceInfoStructMaker
22:07:45.205 [main] DEBUG org.springframework.test.util.ReflectionTestUtils - Getting field 'debeziumEngine' from target object [com.xtrmetl.cdc.service.CdcService@451f87af] or target class [class com.xtrmetl.cdc.service.CdcService]
]]></system-out>
  </testcase>
</testsuite>